npm verbose cli C:\Program Files\nodejs\node.exe C:\Users\Gelson Gentil\AppData\Roaming\npm\node_modules\npm\bin\npm-cli.js
npm info using npm@10.8.1
npm info using node@v20.12.1
npm verbose title npm install
npm verbose argv "install" "--legacy-peer-deps" "--loglevel" "verbose"
npm verbose logfile logs-max:10 dir:C:\Users\Gelson Gentil\AppData\Local\npm-cache\_logs\2024-08-08T03_29_49_433Z-
npm verbose logfile C:\Users\Gelson Gentil\AppData\Local\npm-cache\_logs\2024-08-08T03_29_49_433Z-debug-0.log
npm http fetch GET 200 https://registry.npmjs.org/@faker-js%2ffaker 1780ms (cache revalidated)
npm http fetch GET 200 https://registry.npmjs.org/cypress-mochawesome-reporter 65ms (cache revalidated)
npm http fetch GET 200 https://registry.npmjs.org/browserstack-cypress-cli 632ms (cache revalidated)
npm http fetch GET 200 https://registry.npmjs.org/cypress 66ms (cache revalidated)
npm http fetch GET 200 https://registry.npmjs.org/chalk 68ms (cache revalidated)
npm http fetch GET 200 https://registry.npmjs.org/browserstack-local 154ms (cache revalidated)
npm http fetch GET 200 https://registry.npmjs.org/async 165ms (cache revalidated)
npm http fetch GET 200 https://registry.npmjs.org/archiver 183ms (cache revalidated)
npm http fetch GET 200 https://registry.npmjs.org/fs-extra 186ms (cache revalidated)
npm http fetch GET 200 https://registry.npmjs.org/git-repo-info 65ms (cache revalidated)
npm http fetch GET 200 https://registry.npmjs.org/gitconfiglocal 57ms (cache revalidated)
npm http fetch GET 200 https://registry.npmjs.org/glob 72ms (cache revalidated)
npm http fetch GET 200 https://registry.npmjs.org/mkdirp 64ms (cache revalidated)
npm http fetch GET 200 https://registry.npmjs.org/request 64ms (cache revalidated)
npm http fetch GET 200 https://registry.npmjs.org/table 60ms (cache revalidated)
npm http fetch GET 200 https://registry.npmjs.org/mocha 276ms (cache revalidated)
npm http fetch GET 200 https://registry.npmjs.org/update-notifier 104ms (cache revalidated)
npm http fetch GET 200 https://registry.npmjs.org/uuid 72ms (cache revalidated)
npm http fetch GET 200 https://registry.npmjs.org/windows-release 70ms (cache revalidated)
npm http fetch GET 200 https://registry.npmjs.org/winston 67ms (cache revalidated)
npm http fetch GET 200 https://registry.npmjs.org/decompress 73ms (cache revalidated)
npm http fetch GET 200 https://registry.npmjs.org/git-last-commit 660ms (cache revalidated)
npm http fetch GET 200 https://registry.npmjs.org/cli-progress 747ms (cache revalidated)
npm http fetch GET 200 https://registry.npmjs.org/getmac 754ms (cache revalidated)
npm http fetch GET 200 https://registry.npmjs.org/tmp 66ms (cache revalidated)
npm http fetch GET 200 https://registry.npmjs.org/arch 64ms (cache revalidated)
npm http fetch GET 200 https://registry.npmjs.org/dayjs 83ms (cache revalidated)
npm http fetch GET 200 https://registry.npmjs.org/debug 72ms (cache revalidated)
npm http fetch GET 200 https://registry.npmjs.org/execa 67ms (cache revalidated)
npm http fetch GET 200 https://registry.npmjs.org/node-ipc 639ms (cache revalidated)
npm http fetch GET 200 https://registry.npmjs.org/yauzl 65ms (cache revalidated)
npm http fetch GET 200 https://registry.npmjs.org/is-ci 74ms (cache revalidated)
npm http fetch GET 200 https://registry.npmjs.org/requestretry 627ms (cache revalidated)
npm http fetch GET 200 https://registry.npmjs.org/listr2 62ms (cache revalidated)
npm http fetch GET 200 https://registry.npmjs.org/buffer 85ms (cache revalidated)
npm http fetch GET 200 https://registry.npmjs.org/lodash 62ms (cache revalidated)
npm http fetch GET 200 https://registry.npmjs.org/semver 61ms (cache revalidated)
npm http fetch GET 200 https://registry.npmjs.org/figures 75ms (cache revalidated)
npm http fetch GET 200 https://registry.npmjs.org/process 72ms (cache revalidated)
npm http fetch GET 200 https://registry.npmjs.org/bluebird 67ms (cache revalidated)
npm http fetch GET 200 https://registry.npmjs.org/cachedir 81ms (cache revalidated)
npm http fetch GET 200 https://registry.npmjs.org/enquirer 63ms (cache revalidated)
npm http fetch GET 200 https://registry.npmjs.org/lazy-ass 70ms (cache revalidated)
npm http fetch GET 200 https://registry.npmjs.org/minimist 62ms (cache revalidated)
npm http fetch GET 200 https://registry.npmjs.org/blob-util 55ms (cache revalidated)
npm http fetch GET 200 https://registry.npmjs.org/commander 59ms (cache revalidated)
npm http fetch GET 200 https://registry.npmjs.org/cli-cursor 58ms (cache revalidated)
npm http fetch GET 200 https://registry.npmjs.org/untildify 72ms (cache revalidated)
npm http fetch GET 200 https://registry.npmjs.org/ospath 269ms (cache revalidated)
npm http fetch GET 200 https://registry.npmjs.org/cli-table3 63ms (cache revalidated)
npm http fetch GET 200 https://registry.npmjs.org/executable 72ms (cache revalidated)
npm http fetch GET 200 https://registry.npmjs.org/yargs 660ms (cache revalidated)
npm http fetch GET 200 https://registry.npmjs.org/common-tags 89ms (cache revalidated)
npm http fetch GET 200 https://registry.npmjs.org/log-symbols 83ms (cache revalidated)
npm http fetch GET 200 https://registry.npmjs.org/extract-zip 94ms (cache revalidated)
npm http fetch GET 200 https://registry.npmjs.org/pretty-bytes 84ms (cache revalidated)
npm http fetch GET 200 https://registry.npmjs.org/eventemitter2 69ms (cache revalidated)
npm http fetch GET 200 https://registry.npmjs.org/@types%2fsizzle 83ms (cache revalidated)
npm http fetch GET 200 https://registry.npmjs.org/proxy-from-env 81ms (cache revalidated)
npm http fetch GET 200 https://registry.npmjs.org/supports-color 82ms (cache revalidated)
npm http fetch GET 200 https://registry.npmjs.org/is-installed-globally 69ms (cache revalidated)
npm http fetch GET 200 https://registry.npmjs.org/@types%2fsinonjs__fake-timers 78ms (cache revalidated)
npm http fetch GET 200 https://registry.npmjs.org/getos 644ms (cache revalidated)
npm http fetch GET 200 https://registry.npmjs.org/mochawesome 71ms (cache revalidated)
npm http fetch GET 200 https://registry.npmjs.org/mochawesome-report-generator 66ms (cache revalidated)
npm http fetch GET 200 https://registry.npmjs.org/mochawesome-merge 87ms (cache revalidated)
npm http fetch GET 200 https://registry.npmjs.org/@cypress%2fxvfb 299ms (cache revalidated)
npm http fetch GET 200 https://registry.npmjs.org/check-more-types 272ms (cache revalidated)
npm http fetch GET 200 https://registry.npmjs.org/@cypress%2frequest 354ms (cache revalidated)
npm http fetch GET 200 https://registry.npmjs.org/request-progress 674ms (cache revalidated)
npm http fetch GET 200 https://registry.npmjs.org/tar-stream 111ms (cache revalidated)
npm http fetch GET 200 https://registry.npmjs.org/zip-stream 114ms (cache revalidated)
npm http fetch GET 200 https://registry.npmjs.org/archiver-utils 123ms (cache revalidated)
npm http fetch GET 200 https://registry.npmjs.org/readable-stream 123ms (cache revalidated)
npm http fetch GET 200 https://registry.npmjs.org/buffer-crc32 130ms (cache revalidated)
npm http fetch GET 200 https://registry.npmjs.org/https-proxy-agent 127ms (cache revalidated)
npm http fetch GET 200 https://registry.npmjs.org/readdir-glob 135ms (cache revalidated)
npm http fetch GET 200 https://registry.npmjs.org/is-running 94ms (cache revalidated)
npm http fetch GET 200 https://registry.npmjs.org/temp-fs 92ms (cache revalidated)
npm http fetch GET 200 https://registry.npmjs.org/ansi-styles 86ms (cache revalidated)
npm http fetch GET 200 https://registry.npmjs.org/agent-base 92ms (cache revalidated)
npm http fetch GET 200 https://registry.npmjs.org/string-width 89ms (cache revalidated)
npm http fetch GET 200 https://registry.npmjs.org/decompress-tar 97ms (cache revalidated)
npm http fetch GET 200 https://registry.npmjs.org/make-dir 100ms (cache revalidated)
npm http fetch GET 200 https://registry.npmjs.org/graceful-fs 109ms (cache revalidated)
npm http fetch GET 200 https://registry.npmjs.org/decompress-targz 123ms (cache revalidated)
npm http fetch GET 200 https://registry.npmjs.org/decompress-unzip 122ms (cache revalidated)
npm http fetch GET 200 https://registry.npmjs.org/decompress-tarbz2 132ms (cache revalidated)
npm http fetch GET 200 https://registry.npmjs.org/pify 114ms (cache revalidated)
npm http fetch GET 200 https://registry.npmjs.org/ini 67ms (cache revalidated)
npm http fetch GET 200 https://registry.npmjs.org/jsonfile 86ms (cache revalidated)
npm http fetch GET 200 https://registry.npmjs.org/once 81ms (cache revalidated)
npm http fetch GET 200 https://registry.npmjs.org/strip-dirs 105ms (cache revalidated)
npm http fetch GET 200 https://registry.npmjs.org/universalify 97ms (cache revalidated)
npm http fetch GET 200 https://registry.npmjs.org/@types%2fnode 138ms (cache revalidated)
npm http fetch GET 200 https://registry.npmjs.org/inflight 202ms (cache revalidated)
npm http fetch GET 200 https://registry.npmjs.org/fs.realpath 186ms (cache revalidated)
npm http fetch GET 200 https://registry.npmjs.org/path-is-absolute 186ms (cache revalidated)
npm http fetch GET 200 https://registry.npmjs.org/inherits 202ms (cache revalidated)
npm http fetch GET 200 https://registry.npmjs.org/minimatch 196ms (cache revalidated)
npm http fetch GET 200 https://registry.npmjs.org/ansi-colors 82ms (cache revalidated)
npm http fetch GET 200 https://registry.npmjs.org/diff 71ms (cache revalidated)
npm http fetch GET 200 https://registry.npmjs.org/escape-string-regexp 72ms (cache revalidated)
npm http fetch GET 200 https://registry.npmjs.org/find-up 79ms (cache revalidated)
npm http fetch GET 200 https://registry.npmjs.org/chokidar 102ms (cache revalidated)
npm http fetch GET 200 https://registry.npmjs.org/he 70ms (cache revalidated)
npm http fetch GET 200 https://registry.npmjs.org/ms 68ms (cache revalidated)
npm http fetch GET 200 https://registry.npmjs.org/js-yaml 77ms (cache revalidated)
npm http fetch GET 200 https://registry.npmjs.org/ps-tree 666ms (cache revalidated)
npm http fetch GET 200 https://registry.npmjs.org/serialize-javascript 82ms (cache revalidated)
npm http fetch GET 200 https://registry.npmjs.org/strip-json-comments 71ms (cache revalidated)
npm http fetch GET 200 https://registry.npmjs.org/yargs 34ms (cache hit)
npm http fetch GET 200 https://registry.npmjs.org/workerpool 84ms (cache revalidated)
npm http fetch GET 200 https://registry.npmjs.org/yargs-parser 77ms (cache revalidated)
npm http fetch GET 200 https://registry.npmjs.org/event-pubsub 87ms (cache revalidated)
npm http fetch GET 200 https://registry.npmjs.org/js-queue 68ms (cache revalidated)
npm http fetch GET 200 https://registry.npmjs.org/aws-sign2 59ms (cache revalidated)
npm http fetch GET 200 https://registry.npmjs.org/aws4 57ms (cache revalidated)
npm http fetch GET 200 https://registry.npmjs.org/caseless 63ms (cache revalidated)
npm http fetch GET 200 https://registry.npmjs.org/combined-stream 64ms (cache revalidated)
npm http fetch GET 200 https://registry.npmjs.org/extend 60ms (cache revalidated)
npm http fetch GET 200 https://registry.npmjs.org/form-data 61ms (cache revalidated)
npm http fetch GET 200 https://registry.npmjs.org/har-validator 65ms (cache revalidated)
npm http fetch GET 200 https://registry.npmjs.org/http-signature 61ms (cache revalidated)
npm http fetch GET 200 https://registry.npmjs.org/is-typedarray 84ms (cache revalidated)
npm http fetch GET 200 https://registry.npmjs.org/isstream 76ms (cache revalidated)
npm http fetch GET 200 https://registry.npmjs.org/json-stringify-safe 71ms (cache revalidated)
npm http fetch GET 200 https://registry.npmjs.org/mime-types 61ms (cache revalidated)
npm http fetch GET 200 https://registry.npmjs.org/oauth-sign 67ms (cache revalidated)
npm http fetch GET 200 https://registry.npmjs.org/performance-now 67ms (cache revalidated)
npm http fetch GET 200 https://registry.npmjs.org/qs 63ms (cache revalidated)
npm http fetch GET 200 https://registry.npmjs.org/safe-buffer 70ms (cache revalidated)
npm http fetch GET 200 https://registry.npmjs.org/tough-cookie 69ms (cache revalidated)
npm http fetch GET 200 https://registry.npmjs.org/browser-stdout 649ms (cache revalidated)
npm http fetch GET 200 https://registry.npmjs.org/tunnel-agent 68ms (cache revalidated)
npm http fetch GET 200 https://registry.npmjs.org/slice-ansi 62ms (cache revalidated)
npm http fetch GET 200 https://registry.npmjs.org/ajv 73ms (cache revalidated)
npm http fetch GET 200 https://registry.npmjs.org/pupa 66ms (cache revalidated)
npm http fetch GET 200 https://registry.npmjs.org/boxen 55ms (cache revalidated)
npm http fetch GET 200 https://registry.npmjs.org/is-npm 82ms (cache revalidated)
npm http fetch GET 200 https://registry.npmjs.org/configstore 65ms (cache revalidated)
npm http fetch GET 200 https://registry.npmjs.org/import-lazy 56ms (cache revalidated)
npm http fetch GET 200 https://registry.npmjs.org/yargs-unparser 649ms (cache revalidated)
npm http fetch GET 200 https://registry.npmjs.org/semver-diff 61ms (cache revalidated)
npm http fetch GET 200 https://registry.npmjs.org/js-message 666ms (cache revalidated)
npm http fetch GET 200 https://registry.npmjs.org/xdg-basedir 66ms (cache revalidated)
npm http fetch GET 200 https://registry.npmjs.org/latest-version 59ms (cache revalidated)
npm http fetch GET 200 https://registry.npmjs.org/cycle 65ms (cache revalidated)
npm http fetch GET 200 https://registry.npmjs.org/colors 77ms (cache revalidated)
npm http fetch GET 200 https://registry.npmjs.org/forever-agent 634ms (cache revalidated)
npm http fetch GET 200 https://registry.npmjs.org/y18n 78ms (cache revalidated)
npm http fetch GET 200 https://registry.npmjs.org/cliui 56ms (cache revalidated)
npm http fetch GET 200 https://registry.npmjs.org/set-blocking 58ms (cache revalidated)
npm http fetch GET 200 https://registry.npmjs.org/which-module 58ms (cache revalidated)
npm http fetch GET 200 https://registry.npmjs.org/decamelize 80ms (cache revalidated)
npm http fetch GET 200 https://registry.npmjs.org/get-caller-file 60ms (cache revalidated)
npm http fetch GET 200 https://registry.npmjs.org/require-directory 55ms (cache revalidated)
npm http fetch GET 200 https://registry.npmjs.org/require-main-filename 55ms (cache revalidated)
npm http fetch GET 200 https://registry.npmjs.org/is-in-ci 647ms (cache revalidated)
npm http fetch GET 200 https://registry.npmjs.org/eyes 649ms (cache revalidated)
npm http fetch GET 200 https://registry.npmjs.org/stack-trace 648ms (cache revalidated)
npm http fetch GET 200 https://registry.npmjs.org/lodash.defaults 72ms (cache revalidated)
npm http fetch GET 200 https://registry.npmjs.org/lodash.difference 80ms (cache revalidated)
npm http fetch GET 200 https://registry.npmjs.org/lodash.flatten 84ms (cache revalidated)
npm http fetch GET 200 https://registry.npmjs.org/lazystream 92ms (cache revalidated)
npm http fetch GET 200 https://registry.npmjs.org/lodash.isplainobject 93ms (cache revalidated)
npm http fetch GET 200 https://registry.npmjs.org/normalize-path 94ms (cache revalidated)
npm http fetch GET 200 https://registry.npmjs.org/util-deprecate 74ms (cache revalidated)
npm http fetch GET 200 https://registry.npmjs.org/string_decoder 82ms (cache revalidated)
npm http fetch GET 200 https://registry.npmjs.org/bl 70ms (cache revalidated)
npm http fetch GET 200 https://registry.npmjs.org/end-of-stream 68ms (cache revalidated)
npm http fetch GET 200 https://registry.npmjs.org/fs-constants 70ms (cache revalidated)
npm http fetch GET 200 https://registry.npmjs.org/compress-commons 71ms (cache revalidated)
npm http fetch GET 200 https://registry.npmjs.org/lodash.union 774ms (cache revalidated)
npm http fetch GET 200 https://registry.npmjs.org/isarray 67ms (cache revalidated)
npm http fetch GET 200 https://registry.npmjs.org/core-util-is 74ms (cache revalidated)
npm http fetch GET 200 https://registry.npmjs.org/process-nextick-args 73ms (cache revalidated)
npm http fetch GET 200 https://registry.npmjs.org/event-stream 69ms (cache revalidated)
npm http fetch GET 200 https://registry.npmjs.org/rimraf 80ms (cache revalidated)
npm http fetch GET 200 https://registry.npmjs.org/has-flag 67ms (cache revalidated)
npm http fetch GET 200 https://registry.npmjs.org/color-convert 73ms (cache revalidated)
npm http fetch GET 200 https://registry.npmjs.org/color-name 57ms (cache revalidated)
npm http fetch GET 200 https://registry.npmjs.org/emoji-regex 71ms (cache revalidated)
npm http fetch GET 200 https://registry.npmjs.org/strip-ansi 76ms (cache revalidated)
npm http fetch GET 200 https://registry.npmjs.org/is-fullwidth-code-point 82ms (cache revalidated)
npm http fetch GET 200 https://registry.npmjs.org/lodash.once 74ms (cache revalidated)
npm http fetch GET 200 https://registry.npmjs.org/restore-cursor 70ms (cache revalidated)
npm http fetch GET 200 https://registry.npmjs.org/ieee754 79ms (cache revalidated)
npm http fetch GET 200 https://registry.npmjs.org/onetime 93ms (cache revalidated)
npm http fetch GET 200 https://registry.npmjs.org/is-stream 96ms (cache revalidated)
npm http fetch GET 200 https://registry.npmjs.org/base64-js 107ms (cache revalidated)
npm http fetch GET 200 https://registry.npmjs.org/@colors%2fcolors 117ms (cache revalidated)
npm http fetch GET 200 https://registry.npmjs.org/cross-spawn 91ms (cache revalidated)
npm http fetch GET 200 https://registry.npmjs.org/signal-exit 97ms (cache revalidated)
npm http fetch GET 200 https://registry.npmjs.org/get-stream 115ms (cache revalidated)
npm http fetch GET 200 https://registry.npmjs.org/npm-run-path 89ms (cache revalidated)
npm http fetch GET 200 https://registry.npmjs.org/merge-stream 96ms (cache revalidated)
npm http fetch GET 200 https://registry.npmjs.org/human-signals 100ms (cache revalidated)
npm http fetch GET 200 https://registry.npmjs.org/strip-final-newline 88ms (cache revalidated)
npm http fetch GET 200 https://registry.npmjs.org/get-stream 89ms (cache revalidated)
npm http fetch GET 200 https://registry.npmjs.org/global-dirs 80ms (cache revalidated)
npm http fetch GET 200 https://registry.npmjs.org/at-least-node 93ms (cache revalidated)
npm http fetch GET 200 https://registry.npmjs.org/rfdc 78ms (cache revalidated)
npm http fetch GET 200 https://registry.npmjs.org/is-path-inside 84ms (cache revalidated)
npm http fetch GET 200 https://registry.npmjs.org/ci-info 110ms (cache revalidated)
npm http fetch GET 200 https://registry.npmjs.org/rxjs 94ms (cache revalidated)
npm http fetch GET 200 https://registry.npmjs.org/wrap-ansi 90ms (cache revalidated)
npm http fetch GET 200 https://registry.npmjs.org/through 104ms (cache revalidated)
npm http fetch GET 200 https://registry.npmjs.org/p-map 114ms (cache revalidated)
npm http fetch GET 200 https://registry.npmjs.org/colorette 108ms (cache revalidated)
npm http fetch GET 200 https://registry.npmjs.org/log-update 94ms (cache revalidated)
npm http fetch GET 200 https://registry.npmjs.org/cli-truncate 81ms (cache revalidated)
npm http fetch GET 200 https://registry.npmjs.org/fd-slicer 69ms (cache revalidated)
npm http fetch GET 200 https://registry.npmjs.org/is-unicode-supported 86ms (cache revalidated)
npm http fetch GET 200 https://registry.npmjs.org/throttleit 87ms (cache revalidated)
npm http fetch GET 200 https://registry.npmjs.org/@types%2fyauzl 1252ms (cache revalidated)
npm http fetch GET 200 https://registry.npmjs.org/asynckit 76ms (cache revalidated)
npm http fetch GET 200 https://registry.npmjs.org/assert-plus 81ms (cache revalidated)
npm http fetch GET 200 https://registry.npmjs.org/delayed-stream 89ms (cache revalidated)
npm http fetch GET 200 https://registry.npmjs.org/jsprim 90ms (cache revalidated)
npm http fetch GET 200 https://registry.npmjs.org/side-channel 94ms (cache revalidated)
npm http fetch GET 200 https://registry.npmjs.org/psl 82ms (cache revalidated)
npm http fetch GET 200 https://registry.npmjs.org/punycode 79ms (cache revalidated)
npm http fetch GET 200 https://registry.npmjs.org/sshpk 656ms (cache revalidated)
npm http fetch GET 200 https://registry.npmjs.org/mime-db 661ms (cache revalidated)
npm http fetch GET 200 https://registry.npmjs.org/url-parse 650ms (cache revalidated)
npm http fetch GET 200 https://registry.npmjs.org/yargs 34ms (cache hit)
npm http fetch GET 200 https://registry.npmjs.org/lodash.isstring 67ms (cache revalidated)
npm http fetch GET 200 https://registry.npmjs.org/lodash.isfunction 71ms (cache revalidated)
npm http fetch GET 200 https://registry.npmjs.org/lodash.isempty 88ms (cache revalidated)
npm http fetch GET 200 https://registry.npmjs.org/lodash.isobject 90ms (cache revalidated)
npm http fetch GET 200 https://registry.npmjs.org/dateformat 86ms (cache revalidated)
npm http fetch GET 200 https://registry.npmjs.org/escape-html 89ms (cache revalidated)
npm http fetch GET 200 https://registry.npmjs.org/lodash.isfunction 33ms (cache hit)
npm http fetch GET 200 https://registry.npmjs.org/yargs 18ms (cache hit)
npm http fetch GET 200 https://registry.npmjs.org/prop-types 84ms (cache revalidated)
npm http fetch GET 200 https://registry.npmjs.org/validator 79ms (cache revalidated)
npm http fetch GET 200 https://registry.npmjs.org/fsu 632ms (cache revalidated)
npm http fetch GET 200 https://registry.npmjs.org/tcomb-validation 640ms (cache revalidated)
npm http fetch GET 200 https://registry.npmjs.org/opener 666ms (cache revalidated)
npm http fetch GET 200 https://registry.npmjs.org/tcomb 657ms (cache revalidated)
npm http fetch GET 200 https://registry.npmjs.org/is-natural-number 73ms (cache revalidated)
npm http fetch GET 200 https://registry.npmjs.org/unbzip2-stream 91ms (cache revalidated)
npm http fetch GET 200 https://registry.npmjs.org/seek-bzip 98ms (cache revalidated)
npm http fetch GET 200 https://registry.npmjs.org/file-type 648ms (cache revalidated)
npm http fetch GET 200 https://registry.npmjs.org/file-type 659ms (cache revalidated)
npm http fetch GET 200 https://registry.npmjs.org/file-type 697ms (cache revalidated)
npm http fetch GET 200 https://registry.npmjs.org/file-type 696ms (cache revalidated)
npm http fetch GET 200 https://registry.npmjs.org/xtend 77ms (cache revalidated)
npm http fetch GET 200 https://registry.npmjs.org/to-buffer 678ms (cache revalidated)
npm http fetch GET 200 https://registry.npmjs.org/buffer-alloc 723ms (cache revalidated)
npm http fetch GET 200 https://registry.npmjs.org/pinkie-promise 63ms (cache revalidated)
npm http fetch GET 200 https://registry.npmjs.org/object-assign 70ms (cache revalidated)
npm http fetch GET 200 https://registry.npmjs.org/ansi-regex 65ms (cache revalidated)
npm http fetch GET 200 https://registry.npmjs.org/which 82ms (cache revalidated)
npm http fetch GET 200 https://registry.npmjs.org/path-key 88ms (cache revalidated)
npm http fetch GET 200 https://registry.npmjs.org/mimic-fn 89ms (cache revalidated)
npm http fetch GET 200 https://registry.npmjs.org/shebang-command 98ms (cache revalidated)
npm http fetch GET 200 https://registry.npmjs.org/path-key 106ms (cache revalidated)
npm http fetch GET 200 https://registry.npmjs.org/pump 672ms (cache revalidated)
npm http fetch GET 200 https://registry.npmjs.org/shebang-regex 63ms (cache revalidated)
npm http fetch GET 200 https://registry.npmjs.org/isexe 64ms (cache revalidated)
npm http fetch GET 200 https://registry.npmjs.org/@types%2fnode 47ms (cache hit)
npm http fetch GET 200 https://registry.npmjs.org/undici-types 76ms (cache revalidated)
npm http fetch GET 200 https://registry.npmjs.org/pinkie 58ms (cache revalidated)
npm http fetch GET 200 https://registry.npmjs.org/wrappy 70ms (cache revalidated)
npm http fetch GET 200 https://registry.npmjs.org/wrappy 69ms (cache revalidated)
npm http fetch GET 200 https://registry.npmjs.org/brace-expansion 71ms (cache revalidated)
npm http fetch GET 200 https://registry.npmjs.org/getpass 69ms (cache revalidated)
npm http fetch GET 200 https://registry.npmjs.org/json-schema 76ms (cache revalidated)
npm http fetch GET 200 https://registry.npmjs.org/asn1 79ms (cache revalidated)
npm http fetch GET 200 https://registry.npmjs.org/safer-buffer 78ms (cache revalidated)
npm http fetch GET 200 https://registry.npmjs.org/verror 85ms (cache revalidated)
npm http fetch GET 200 https://registry.npmjs.org/extsprintf 94ms (cache revalidated)
npm http fetch GET 200 https://registry.npmjs.org/jsbn 75ms (cache revalidated)
npm http fetch GET 200 https://registry.npmjs.org/bcrypt-pbkdf 66ms (cache revalidated)
npm http fetch GET 200 https://registry.npmjs.org/tweetnacl 83ms (cache revalidated)
npm http fetch GET 200 https://registry.npmjs.org/ecc-jsbn 85ms (cache revalidated)
npm http fetch GET 200 https://registry.npmjs.org/dashdash 665ms (cache revalidated)
npm http fetch GET 200 https://registry.npmjs.org/ansi-escapes 61ms (cache revalidated)
npm http fetch GET 200 https://registry.npmjs.org/aggregate-error 64ms (cache revalidated)
npm http fetch GET 200 https://registry.npmjs.org/tslib 72ms (cache revalidated)
npm http fetch GET 200 https://registry.npmjs.org/astral-regex 291ms (cache revalidated)
npm http fetch GET 200 https://registry.npmjs.org/type-fest 65ms (cache revalidated)
npm http fetch GET 200 https://registry.npmjs.org/balanced-match 95ms (cache revalidated)
npm http fetch GET 200 https://registry.npmjs.org/concat-map 98ms (cache revalidated)
npm http fetch GET 200 https://registry.npmjs.org/braces 68ms (cache revalidated)
npm http fetch GET 200 https://registry.npmjs.org/is-glob 84ms (cache revalidated)
npm http fetch GET 200 https://registry.npmjs.org/glob-parent 91ms (cache revalidated)
npm http fetch GET 200 https://registry.npmjs.org/is-binary-path 94ms (cache revalidated)
npm http fetch GET 200 https://registry.npmjs.org/readdirp 97ms (cache revalidated)
npm http fetch GET 200 https://registry.npmjs.org/anymatch 106ms (cache revalidated)
npm http fetch GET 200 https://registry.npmjs.org/fsevents 107ms (cache revalidated)
npm http fetch GET 200 https://registry.npmjs.org/locate-path 98ms (cache revalidated)
npm http fetch GET 200 https://registry.npmjs.org/escalade 86ms (cache revalidated)
npm http fetch GET 200 https://registry.npmjs.org/flat 74ms (cache revalidated)
npm http fetch GET 200 https://registry.npmjs.org/camelcase 86ms (cache revalidated)
npm http fetch GET 200 https://registry.npmjs.org/randombytes 97ms (cache revalidated)
npm http fetch GET 200 https://registry.npmjs.org/argparse 101ms (cache revalidated)
npm http fetch GET 200 https://registry.npmjs.org/path-exists 108ms (cache revalidated)
npm http fetch GET 200 https://registry.npmjs.org/is-plain-obj 73ms (cache revalidated)
npm http fetch GET 200 https://registry.npmjs.org/picomatch 69ms (cache revalidated)
npm http fetch GET 200 https://registry.npmjs.org/picomatch 79ms (cache revalidated)
npm http fetch GET 200 https://registry.npmjs.org/fill-range 82ms (cache revalidated)
npm http fetch GET 200 https://registry.npmjs.org/binary-extensions 86ms (cache revalidated)
npm http fetch GET 200 https://registry.npmjs.org/is-extglob 90ms (cache revalidated)
npm http fetch GET 200 https://registry.npmjs.org/to-regex-range 57ms (cache revalidated)
npm http fetch GET 200 https://registry.npmjs.org/is-number 62ms (cache revalidated)
npm http fetch GET 200 https://registry.npmjs.org/p-locate 62ms (cache revalidated)
npm http fetch GET 200 https://registry.npmjs.org/p-limit 58ms (cache revalidated)
npm http fetch GET 200 https://registry.npmjs.org/loose-envify 80ms (cache revalidated)
npm http fetch GET 200 https://registry.npmjs.org/react-is 193ms (cache updated)
npm http fetch GET 200 https://registry.npmjs.org/easy-stack 64ms (cache revalidated)
npm http fetch GET 200 https://registry.npmjs.org/yocto-queue 61ms (cache revalidated)
npm http fetch GET 200 https://registry.npmjs.org/indent-string 59ms (cache revalidated)
npm http fetch GET 200 https://registry.npmjs.org/clean-stack 62ms (cache revalidated)
npm http fetch GET 200 https://registry.npmjs.org/js-tokens 73ms (cache revalidated)
npm http fetch GET 200 https://registry.npmjs.org/split 61ms (cache revalidated)
npm http fetch GET 200 https://registry.npmjs.org/from 72ms (cache revalidated)
npm http fetch GET 200 https://registry.npmjs.org/duplexer 76ms (cache revalidated)
npm http fetch GET 200 https://registry.npmjs.org/map-stream 77ms (cache revalidated)
npm http fetch GET 200 https://registry.npmjs.org/pause-stream 77ms (cache revalidated)
npm http fetch GET 200 https://registry.npmjs.org/stream-combiner 92ms (cache revalidated)
npm http fetch GET 200 https://registry.npmjs.org/call-bind 70ms (cache revalidated)
npm http fetch GET 200 https://registry.npmjs.org/get-intrinsic 76ms (cache revalidated)
npm http fetch GET 200 https://registry.npmjs.org/object-inspect 78ms (cache revalidated)
npm http fetch GET 200 https://registry.npmjs.org/es-errors 84ms (cache revalidated)
npm http fetch GET 200 https://registry.npmjs.org/ajv 21ms (cache hit)
npm http fetch GET 200 https://registry.npmjs.org/har-schema 59ms (cache revalidated)
npm http fetch GET 200 https://registry.npmjs.org/uri-js 68ms (cache revalidated)
npm http fetch GET 200 https://registry.npmjs.org/fast-deep-equal 68ms (cache revalidated)
npm http fetch GET 200 https://registry.npmjs.org/json-schema-traverse 71ms (cache revalidated)
npm http fetch GET 200 https://registry.npmjs.org/fast-json-stable-stringify 75ms (cache revalidated)
npm http fetch GET 200 https://registry.npmjs.org/has-proto 72ms (cache revalidated)
npm http fetch GET 200 https://registry.npmjs.org/has-symbols 72ms (cache revalidated)
npm http fetch GET 200 https://registry.npmjs.org/function-bind 83ms (cache revalidated)
npm http fetch GET 200 https://registry.npmjs.org/es-define-property 86ms (cache revalidated)
npm http fetch GET 200 https://registry.npmjs.org/function-bind 85ms (cache revalidated)
npm http fetch GET 200 https://registry.npmjs.org/set-function-length 87ms (cache revalidated)
npm http fetch GET 200 https://registry.npmjs.org/hasown 86ms (cache revalidated)
npm http fetch GET 200 https://registry.npmjs.org/define-data-property 62ms (cache revalidated)
npm http fetch GET 200 https://registry.npmjs.org/gopd 67ms (cache revalidated)
npm http fetch GET 200 https://registry.npmjs.org/has-property-descriptors 70ms (cache revalidated)
npm http fetch GET 200 https://registry.npmjs.org/requires-port 60ms (cache revalidated)
npm http fetch GET 200 https://registry.npmjs.org/querystringify 75ms (cache revalidated)
npm http fetch GET 200 https://registry.npmjs.org/dot-prop 71ms (cache revalidated)
npm http fetch GET 200 https://registry.npmjs.org/ansi-align 94ms (cache revalidated)
npm http fetch GET 200 https://registry.npmjs.org/cli-boxes 100ms (cache revalidated)
npm http fetch GET 200 https://registry.npmjs.org/unique-string 84ms (cache revalidated)
npm http fetch GET 200 https://registry.npmjs.org/write-file-atomic 85ms (cache revalidated)
npm http fetch GET 200 https://registry.npmjs.org/escape-goat 74ms (cache revalidated)
npm http fetch GET 200 https://registry.npmjs.org/package-json 637ms (cache revalidated)
npm http fetch GET 200 https://registry.npmjs.org/widest-line 667ms (cache revalidated)
npm http fetch GET 200 https://registry.npmjs.org/eastasianwidth 65ms (cache revalidated)
npm http fetch GET 200 https://registry.npmjs.org/crypto-random-string 65ms (cache revalidated)
npm http fetch GET 200 https://registry.npmjs.org/typedarray-to-buffer 69ms (cache revalidated)
npm http fetch GET 200 https://registry.npmjs.org/imurmurhash 77ms (cache revalidated)
npm http fetch GET 200 https://registry.npmjs.org/is-obj 85ms (cache revalidated)
npm http fetch GET 200 https://registry.npmjs.org/registry-auth-token 60ms (cache revalidated)
npm http fetch GET 200 https://registry.npmjs.org/registry-url 66ms (cache revalidated)
npm http fetch GET 200 https://registry.npmjs.org/got 647ms (cache revalidated)
npm http fetch GET 200 https://registry.npmjs.org/p-cancelable 71ms (cache revalidated)
npm http fetch GET 200 https://registry.npmjs.org/cacheable-request 73ms (cache revalidated)
npm http fetch GET 200 https://registry.npmjs.org/responselike 89ms (cache revalidated)
npm http fetch GET 200 https://registry.npmjs.org/http2-wrapper 91ms (cache revalidated)
npm http fetch GET 200 https://registry.npmjs.org/cacheable-lookup 99ms (cache revalidated)
npm http fetch GET 200 https://registry.npmjs.org/@sindresorhus%2fis 106ms (cache revalidated)
npm http fetch GET 200 https://registry.npmjs.org/lowercase-keys 132ms (cache revalidated)
npm http fetch GET 200 https://registry.npmjs.org/form-data-encoder 78ms (cache revalidated)
npm http fetch GET 200 https://registry.npmjs.org/decompress-response 93ms (cache revalidated)
npm http fetch GET 200 https://registry.npmjs.org/rc 77ms (cache revalidated)
npm http fetch GET 200 https://registry.npmjs.org/@pnpm%2fnpm-conf 100ms (cache revalidated)
npm http fetch GET 200 https://registry.npmjs.org/@szmarczak%2fhttp-timer 114ms (cache revalidated)
npm http fetch GET 200 https://registry.npmjs.org/keyv 64ms (cache revalidated)
npm http fetch GET 200 https://registry.npmjs.org/http-cache-semantics 87ms (cache revalidated)
npm http fetch GET 200 https://registry.npmjs.org/mimic-response 86ms (cache revalidated)
npm http fetch GET 200 https://registry.npmjs.org/mimic-response 91ms (cache revalidated)
npm http fetch GET 200 https://registry.npmjs.org/defer-to-connect 97ms (cache revalidated)
npm http fetch GET 200 https://registry.npmjs.org/@types%2fhttp-cache-semantics 96ms (cache revalidated)
npm http fetch GET 200 https://registry.npmjs.org/normalize-url 96ms (cache revalidated)
npm http fetch GET 200 https://registry.npmjs.org/quick-lru 86ms (cache revalidated)
npm http fetch GET 200 https://registry.npmjs.org/resolve-alpn 74ms (cache revalidated)
npm http fetch GET 200 https://registry.npmjs.org/json-buffer 57ms (cache revalidated)
npm http fetch GET 200 https://registry.npmjs.org/config-chain 63ms (cache revalidated)
npm http fetch GET 200 https://registry.npmjs.org/@pnpm%2fnetwork.ca-file 86ms (cache revalidated)
npm http fetch GET 200 https://registry.npmjs.org/@pnpm%2fconfig.env-replace 287ms (cache revalidated)
npm http fetch GET 200 https://registry.npmjs.org/proto-list 74ms (cache revalidated)
npm http fetch GET 200 https://registry.npmjs.org/deep-extend 93ms (cache revalidated)
npm http fetch GET 200 https://registry.npmjs.org/pend 62ms (cache revalidated)
npm http fetch GET 200 https://registry.npmjs.org/crc32-stream 62ms (cache revalidated)
npm http fetch GET 200 https://registry.npmjs.org/crc-32 58ms (cache revalidated)
npm http fetch GET 200 https://registry.npmjs.org/buffer-fill 75ms (cache revalidated)
npm http fetch GET 200 https://registry.npmjs.org/buffer-alloc-unsafe 645ms (cache revalidated)
npm http fetch GET 200 https://registry.npmjs.org/p-try 68ms (cache revalidated)
npm verbose reify failed optional dependency C:\Users\Gelson Gentil\Desktop\Pos_Automacao_Testes\AutoTestesWeb\exerciciosWeb\tmpBstackPackages\node_modules\fsevents
npm http fetch POST 200 https://registry.npmjs.org/-/npm/v1/security/advisories/bulk 1523ms
npm warn deprecated inflight@1.0.6: This module is not supported, and leaks memory. Do not use it. Check out lru-cache if you want a good and tested way to coalesce async requests by a key value, which is much more comprehensive and powerful.
npm warn deprecated rimraf@2.5.4: Rimraf versions prior to v4 are no longer supported
npm warn deprecated har-validator@5.1.5: this library is no longer supported
npm warn deprecated glob@7.2.3: Glob versions prior to v9 are no longer supported
npm warn deprecated glob@8.1.0: Glob versions prior to v9 are no longer supported
npm http fetch GET 200 https://registry.npmjs.org/request 1023ms (cache revalidated)
npm http fetch GET 200 https://registry.npmjs.org/tough-cookie 1032ms (cache revalidated)
npm warn deprecated uuid@3.4.0: Please upgrade  to version 7 or higher.  Older versions may use Math.random() in certain circumstances, which is known to be problematic.  See https://v8.dev/blog/math-random for details.
npm warn deprecated request@2.88.2: request has been deprecated, see https://github.com/request/request/issues/3142
npm http fetch GET 200 https://registry.npmjs.org/browserstack-cypress-cli 828ms (cache revalidated)
npm info run cypress@13.13.2 postinstall node_modules/cypress node index.js --exec install
npm info run cypress@13.13.2 postinstall { code: 0, signal: null }

added 501 packages, and audited 502 packages in 44s

96 packages are looking for funding
  run `npm fund` for details

3 moderate severity vulnerabilities

To address all issues (including breaking changes), run:
  npm audit fix --force

Run `npm audit` for details.
npm verbose cwd C:\Users\Gelson Gentil\Desktop\Pos_Automacao_Testes\AutoTestesWeb\exerciciosWeb\tmpBstackPackages
npm verbose os Windows_NT 10.0.22631
npm verbose node v20.12.1
npm verbose npm  v10.8.1
npm verbose exit 0
npm info ok
